CRITICAL - 2023-08-18 16:48:09 --> Return value of App\Controllers\Home::index() must be of the type string, none returned
in APPPATH\Controllers\Home.php on line 12.
 1 SYSTEMPATH\CodeIgniter.php(932): App\Controllers\Home->index()
 2 SYSTEMPATH\CodeIgniter.php(497): CodeIgniter\CodeIgniter->runController(Object(App\Controllers\Home))
 3 SYSTEMPATH\CodeIgniter.php(366): CodeIgniter\CodeIgniter->handleRequest(null, Object(Config\Cache), false)
 4 FCPATH\index.php(67): CodeIgniter\CodeIgniter->run()
CRITICAL - 2023-08-18 16:52:43 --> Trying to access array offset on value of type null
in APPPATH\Views\unidades\editar.php on line 12.
 1 APPPATH\Views\unidades\editar.php(12): CodeIgniter\Debug\Exceptions->errorHandler(8, 'Trying to access array offset on value of type null', 'C:\\laragon\\www\\pos\\app\\Views\\unidades\\editar.php', 12, [...])
 2 SYSTEMPATH\View\View.php(224): include('C:\\laragon\\www\\pos\\app\\Views\\unidades\\editar.php')
 3 SYSTEMPATH\View\View.php(227): CodeIgniter\View\View->CodeIgniter\View\{closure}()
 4 SYSTEMPATH\Common.php(1176): CodeIgniter\View\View->render('unidades/editar', [], true)
 5 APPPATH\Controllers\Unidades.php(46): view('unidades/editar', [...])
 6 SYSTEMPATH\CodeIgniter.php(932): App\Controllers\Unidades->editar('img', 'undraw_profile.svg')
 7 SYSTEMPATH\CodeIgniter.php(497): CodeIgniter\CodeIgniter->runController(Object(App\Controllers\Unidades))
 8 SYSTEMPATH\CodeIgniter.php(366): CodeIgniter\CodeIgniter->handleRequest(null, Object(Config\Cache), false)
 9 FCPATH\index.php(67): CodeIgniter\CodeIgniter->run()
CRITICAL - 2023-08-18 16:52:43 --> Trying to access array offset on value of type null
in APPPATH\Views\unidades\editar.php on line 12.
 1 APPPATH\Views\unidades\editar.php(12): CodeIgniter\Debug\Exceptions->errorHandler(8, 'Trying to access array offset on value of type null', 'C:\\laragon\\www\\pos\\app\\Views\\unidades\\editar.php', 12, [...])
 2 SYSTEMPATH\View\View.php(224): include('C:\\laragon\\www\\pos\\app\\Views\\unidades\\editar.php')
 3 SYSTEMPATH\View\View.php(227): CodeIgniter\View\View->CodeIgniter\View\{closure}()
 4 SYSTEMPATH\Common.php(1176): CodeIgniter\View\View->render('unidades/editar', [], true)
 5 APPPATH\Controllers\Unidades.php(46): view('unidades/editar', [...])
 6 SYSTEMPATH\CodeIgniter.php(932): App\Controllers\Unidades->editar('img', 'undraw_profile_3.svg')
 7 SYSTEMPATH\CodeIgniter.php(497): CodeIgniter\CodeIgniter->runController(Object(App\Controllers\Unidades))
 8 SYSTEMPATH\CodeIgniter.php(366): CodeIgniter\CodeIgniter->handleRequest(null, Object(Config\Cache), false)
 9 FCPATH\index.php(67): CodeIgniter\CodeIgniter->run()
CRITICAL - 2023-08-18 16:52:43 --> Trying to access array offset on value of type null
in APPPATH\Views\unidades\editar.php on line 12.
 1 APPPATH\Views\unidades\editar.php(12): CodeIgniter\Debug\Exceptions->errorHandler(8, 'Trying to access array offset on value of type null', 'C:\\laragon\\www\\pos\\app\\Views\\unidades\\editar.php', 12, [...])
 2 SYSTEMPATH\View\View.php(224): include('C:\\laragon\\www\\pos\\app\\Views\\unidades\\editar.php')
 3 SYSTEMPATH\View\View.php(227): CodeIgniter\View\View->CodeIgniter\View\{closure}()
 4 SYSTEMPATH\Common.php(1176): CodeIgniter\View\View->render('unidades/editar', [], true)
 5 APPPATH\Controllers\Unidades.php(46): view('unidades/editar', [...])
 6 SYSTEMPATH\CodeIgniter.php(932): App\Controllers\Unidades->editar('img', 'undraw_profile_2.svg')
 7 SYSTEMPATH\CodeIgniter.php(497): CodeIgniter\CodeIgniter->runController(Object(App\Controllers\Unidades))
 8 SYSTEMPATH\CodeIgniter.php(366): CodeIgniter\CodeIgniter->handleRequest(null, Object(Config\Cache), false)
 9 FCPATH\index.php(67): CodeIgniter\CodeIgniter->run()
CRITICAL - 2023-08-18 16:52:43 --> Trying to access array offset on value of type null
in APPPATH\Views\unidades\editar.php on line 12.
 1 APPPATH\Views\unidades\editar.php(12): CodeIgniter\Debug\Exceptions->errorHandler(8, 'Trying to access array offset on value of type null', 'C:\\laragon\\www\\pos\\app\\Views\\unidades\\editar.php', 12, [...])
 2 SYSTEMPATH\View\View.php(224): include('C:\\laragon\\www\\pos\\app\\Views\\unidades\\editar.php')
 3 SYSTEMPATH\View\View.php(227): CodeIgniter\View\View->CodeIgniter\View\{closure}()
 4 SYSTEMPATH\Common.php(1176): CodeIgniter\View\View->render('unidades/editar', [], true)
 5 APPPATH\Controllers\Unidades.php(46): view('unidades/editar', [...])
 6 SYSTEMPATH\CodeIgniter.php(932): App\Controllers\Unidades->editar('img', 'undraw_profile_1.svg')
 7 SYSTEMPATH\CodeIgniter.php(497): CodeIgniter\CodeIgniter->runController(Object(App\Controllers\Unidades))
 8 SYSTEMPATH\CodeIgniter.php(366): CodeIgniter\CodeIgniter->handleRequest(null, Object(Config\Cache), false)
 9 FCPATH\index.php(67): CodeIgniter\CodeIgniter->run()
CRITICAL - 2023-08-18 16:54:11 --> Trying to access array offset on value of type null
in APPPATH\Views\unidades\editar.php on line 8.
 1 APPPATH\Views\unidades\editar.php(8): CodeIgniter\Debug\Exceptions->errorHandler(8, 'Trying to access array offset on value of type null', 'C:\\laragon\\www\\pos\\app\\Views\\unidades\\editar.php', 8, [...])
 2 SYSTEMPATH\View\View.php(224): include('C:\\laragon\\www\\pos\\app\\Views\\unidades\\editar.php')
 3 SYSTEMPATH\View\View.php(227): CodeIgniter\View\View->CodeIgniter\View\{closure}()
 4 SYSTEMPATH\Common.php(1176): CodeIgniter\View\View->render('unidades/editar', [], true)
 5 APPPATH\Controllers\Unidades.php(46): view('unidades/editar', [...])
 6 SYSTEMPATH\CodeIgniter.php(932): App\Controllers\Unidades->editar('img', 'undraw_profile_3.svg')
 7 SYSTEMPATH\CodeIgniter.php(497): CodeIgniter\CodeIgniter->runController(Object(App\Controllers\Unidades))
 8 SYSTEMPATH\CodeIgniter.php(366): CodeIgniter\CodeIgniter->handleRequest(null, Object(Config\Cache), false)
 9 FCPATH\index.php(67): CodeIgniter\CodeIgniter->run()
CRITICAL - 2023-08-18 16:54:11 --> Trying to access array offset on value of type null
in APPPATH\Views\unidades\editar.php on line 8.
 1 APPPATH\Views\unidades\editar.php(8): CodeIgniter\Debug\Exceptions->errorHandler(8, 'Trying to access array offset on value of type null', 'C:\\laragon\\www\\pos\\app\\Views\\unidades\\editar.php', 8, [...])
 2 SYSTEMPATH\View\View.php(224): include('C:\\laragon\\www\\pos\\app\\Views\\unidades\\editar.php')
 3 SYSTEMPATH\View\View.php(227): CodeIgniter\View\View->CodeIgniter\View\{closure}()
 4 SYSTEMPATH\Common.php(1176): CodeIgniter\View\View->render('unidades/editar', [], true)
 5 APPPATH\Controllers\Unidades.php(46): view('unidades/editar', [...])
 6 SYSTEMPATH\CodeIgniter.php(932): App\Controllers\Unidades->editar('img', 'undraw_profile.svg')
 7 SYSTEMPATH\CodeIgniter.php(497): CodeIgniter\CodeIgniter->runController(Object(App\Controllers\Unidades))
 8 SYSTEMPATH\CodeIgniter.php(366): CodeIgniter\CodeIgniter->handleRequest(null, Object(Config\Cache), false)
 9 FCPATH\index.php(67): CodeIgniter\CodeIgniter->run()
CRITICAL - 2023-08-18 16:54:11 --> Trying to access array offset on value of type null
in APPPATH\Views\unidades\editar.php on line 8.
 1 APPPATH\Views\unidades\editar.php(8): CodeIgniter\Debug\Exceptions->errorHandler(8, 'Trying to access array offset on value of type null', 'C:\\laragon\\www\\pos\\app\\Views\\unidades\\editar.php', 8, [...])
 2 SYSTEMPATH\View\View.php(224): include('C:\\laragon\\www\\pos\\app\\Views\\unidades\\editar.php')
 3 SYSTEMPATH\View\View.php(227): CodeIgniter\View\View->CodeIgniter\View\{closure}()
 4 SYSTEMPATH\Common.php(1176): CodeIgniter\View\View->render('unidades/editar', [], true)
 5 APPPATH\Controllers\Unidades.php(46): view('unidades/editar', [...])
 6 SYSTEMPATH\CodeIgniter.php(932): App\Controllers\Unidades->editar('img', 'undraw_profile_1.svg')
 7 SYSTEMPATH\CodeIgniter.php(497): CodeIgniter\CodeIgniter->runController(Object(App\Controllers\Unidades))
 8 SYSTEMPATH\CodeIgniter.php(366): CodeIgniter\CodeIgniter->handleRequest(null, Object(Config\Cache), false)
 9 FCPATH\index.php(67): CodeIgniter\CodeIgniter->run()
CRITICAL - 2023-08-18 16:54:11 --> Trying to access array offset on value of type null
in APPPATH\Views\unidades\editar.php on line 8.
 1 APPPATH\Views\unidades\editar.php(8): CodeIgniter\Debug\Exceptions->errorHandler(8, 'Trying to access array offset on value of type null', 'C:\\laragon\\www\\pos\\app\\Views\\unidades\\editar.php', 8, [...])
 2 SYSTEMPATH\View\View.php(224): include('C:\\laragon\\www\\pos\\app\\Views\\unidades\\editar.php')
 3 SYSTEMPATH\View\View.php(227): CodeIgniter\View\View->CodeIgniter\View\{closure}()
 4 SYSTEMPATH\Common.php(1176): CodeIgniter\View\View->render('unidades/editar', [], true)
 5 APPPATH\Controllers\Unidades.php(46): view('unidades/editar', [...])
 6 SYSTEMPATH\CodeIgniter.php(932): App\Controllers\Unidades->editar('img', 'undraw_profile_2.svg')
 7 SYSTEMPATH\CodeIgniter.php(497): CodeIgniter\CodeIgniter->runController(Object(App\Controllers\Unidades))
 8 SYSTEMPATH\CodeIgniter.php(366): CodeIgniter\CodeIgniter->handleRequest(null, Object(Config\Cache), false)
 9 FCPATH\index.php(67): CodeIgniter\CodeIgniter->run()
CRITICAL - 2023-08-18 16:56:18 --> Trying to access array offset on value of type null
in APPPATH\Views\unidades\editar.php on line 8.
 1 APPPATH\Views\unidades\editar.php(8): CodeIgniter\Debug\Exceptions->errorHandler(8, 'Trying to access array offset on value of type null', 'C:\\laragon\\www\\pos\\app\\Views\\unidades\\editar.php', 8, [...])
 2 SYSTEMPATH\View\View.php(224): include('C:\\laragon\\www\\pos\\app\\Views\\unidades\\editar.php')
 3 SYSTEMPATH\View\View.php(227): CodeIgniter\View\View->CodeIgniter\View\{closure}()
 4 SYSTEMPATH\Common.php(1176): CodeIgniter\View\View->render('unidades/editar', [], true)
 5 APPPATH\Controllers\Unidades.php(46): view('unidades/editar', [...])
 6 SYSTEMPATH\CodeIgniter.php(932): App\Controllers\Unidades->editar('img', 'undraw_profile.svg')
 7 SYSTEMPATH\CodeIgniter.php(497): CodeIgniter\CodeIgniter->runController(Object(App\Controllers\Unidades))
 8 SYSTEMPATH\CodeIgniter.php(366): CodeIgniter\CodeIgniter->handleRequest(null, Object(Config\Cache), false)
 9 FCPATH\index.php(67): CodeIgniter\CodeIgniter->run()
CRITICAL - 2023-08-18 16:56:18 --> Trying to access array offset on value of type null
in APPPATH\Views\unidades\editar.php on line 8.
 1 APPPATH\Views\unidades\editar.php(8): CodeIgniter\Debug\Exceptions->errorHandler(8, 'Trying to access array offset on value of type null', 'C:\\laragon\\www\\pos\\app\\Views\\unidades\\editar.php', 8, [...])
 2 SYSTEMPATH\View\View.php(224): include('C:\\laragon\\www\\pos\\app\\Views\\unidades\\editar.php')
 3 SYSTEMPATH\View\View.php(227): CodeIgniter\View\View->CodeIgniter\View\{closure}()
 4 SYSTEMPATH\Common.php(1176): CodeIgniter\View\View->render('unidades/editar', [], true)
 5 APPPATH\Controllers\Unidades.php(46): view('unidades/editar', [...])
 6 SYSTEMPATH\CodeIgniter.php(932): App\Controllers\Unidades->editar('img', 'undraw_profile_1.svg')
 7 SYSTEMPATH\CodeIgniter.php(497): CodeIgniter\CodeIgniter->runController(Object(App\Controllers\Unidades))
 8 SYSTEMPATH\CodeIgniter.php(366): CodeIgniter\CodeIgniter->handleRequest(null, Object(Config\Cache), false)
 9 FCPATH\index.php(67): CodeIgniter\CodeIgniter->run()
CRITICAL - 2023-08-18 16:56:18 --> Trying to access array offset on value of type null
in APPPATH\Views\unidades\editar.php on line 8.
 1 APPPATH\Views\unidades\editar.php(8): CodeIgniter\Debug\Exceptions->errorHandler(8, 'Trying to access array offset on value of type null', 'C:\\laragon\\www\\pos\\app\\Views\\unidades\\editar.php', 8, [...])
 2 SYSTEMPATH\View\View.php(224): include('C:\\laragon\\www\\pos\\app\\Views\\unidades\\editar.php')
 3 SYSTEMPATH\View\View.php(227): CodeIgniter\View\View->CodeIgniter\View\{closure}()
 4 SYSTEMPATH\Common.php(1176): CodeIgniter\View\View->render('unidades/editar', [], true)
 5 APPPATH\Controllers\Unidades.php(46): view('unidades/editar', [...])
 6 SYSTEMPATH\CodeIgniter.php(932): App\Controllers\Unidades->editar('img', 'undraw_profile_3.svg')
 7 SYSTEMPATH\CodeIgniter.php(497): CodeIgniter\CodeIgniter->runController(Object(App\Controllers\Unidades))
 8 SYSTEMPATH\CodeIgniter.php(366): CodeIgniter\CodeIgniter->handleRequest(null, Object(Config\Cache), false)
 9 FCPATH\index.php(67): CodeIgniter\CodeIgniter->run()
CRITICAL - 2023-08-18 16:56:18 --> Trying to access array offset on value of type null
in APPPATH\Views\unidades\editar.php on line 8.
 1 APPPATH\Views\unidades\editar.php(8): CodeIgniter\Debug\Exceptions->errorHandler(8, 'Trying to access array offset on value of type null', 'C:\\laragon\\www\\pos\\app\\Views\\unidades\\editar.php', 8, [...])
 2 SYSTEMPATH\View\View.php(224): include('C:\\laragon\\www\\pos\\app\\Views\\unidades\\editar.php')
 3 SYSTEMPATH\View\View.php(227): CodeIgniter\View\View->CodeIgniter\View\{closure}()
 4 SYSTEMPATH\Common.php(1176): CodeIgniter\View\View->render('unidades/editar', [], true)
 5 APPPATH\Controllers\Unidades.php(46): view('unidades/editar', [...])
 6 SYSTEMPATH\CodeIgniter.php(932): App\Controllers\Unidades->editar('img', 'undraw_profile_2.svg')
 7 SYSTEMPATH\CodeIgniter.php(497): CodeIgniter\CodeIgniter->runController(Object(App\Controllers\Unidades))
 8 SYSTEMPATH\CodeIgniter.php(366): CodeIgniter\CodeIgniter->handleRequest(null, Object(Config\Cache), false)
 9 FCPATH\index.php(67): CodeIgniter\CodeIgniter->run()
CRITICAL - 2023-08-18 16:56:50 --> Trying to access array offset on value of type null
in APPPATH\Views\unidades\editar.php on line 8.
 1 APPPATH\Views\unidades\editar.php(8): CodeIgniter\Debug\Exceptions->errorHandler(8, 'Trying to access array offset on value of type null', 'C:\\laragon\\www\\pos\\app\\Views\\unidades\\editar.php', 8, [...])
 2 SYSTEMPATH\View\View.php(224): include('C:\\laragon\\www\\pos\\app\\Views\\unidades\\editar.php')
 3 SYSTEMPATH\View\View.php(227): CodeIgniter\View\View->CodeIgniter\View\{closure}()
 4 SYSTEMPATH\Common.php(1176): CodeIgniter\View\View->render('unidades/editar', [], true)
 5 APPPATH\Controllers\Unidades.php(46): view('unidades/editar', [...])
 6 SYSTEMPATH\CodeIgniter.php(932): App\Controllers\Unidades->editar('img', 'undraw_profile_3.svg')
 7 SYSTEMPATH\CodeIgniter.php(497): CodeIgniter\CodeIgniter->runController(Object(App\Controllers\Unidades))
 8 SYSTEMPATH\CodeIgniter.php(366): CodeIgniter\CodeIgniter->handleRequest(null, Object(Config\Cache), false)
 9 FCPATH\index.php(67): CodeIgniter\CodeIgniter->run()
CRITICAL - 2023-08-18 16:56:50 --> Trying to access array offset on value of type null
in APPPATH\Views\unidades\editar.php on line 8.
 1 APPPATH\Views\unidades\editar.php(8): CodeIgniter\Debug\Exceptions->errorHandler(8, 'Trying to access array offset on value of type null', 'C:\\laragon\\www\\pos\\app\\Views\\unidades\\editar.php', 8, [...])
 2 SYSTEMPATH\View\View.php(224): include('C:\\laragon\\www\\pos\\app\\Views\\unidades\\editar.php')
 3 SYSTEMPATH\View\View.php(227): CodeIgniter\View\View->CodeIgniter\View\{closure}()
 4 SYSTEMPATH\Common.php(1176): CodeIgniter\View\View->render('unidades/editar', [], true)
 5 APPPATH\Controllers\Unidades.php(46): view('unidades/editar', [...])
 6 SYSTEMPATH\CodeIgniter.php(932): App\Controllers\Unidades->editar('img', 'undraw_profile_1.svg')
 7 SYSTEMPATH\CodeIgniter.php(497): CodeIgniter\CodeIgniter->runController(Object(App\Controllers\Unidades))
 8 SYSTEMPATH\CodeIgniter.php(366): CodeIgniter\CodeIgniter->handleRequest(null, Object(Config\Cache), false)
 9 FCPATH\index.php(67): CodeIgniter\CodeIgniter->run()
CRITICAL - 2023-08-18 16:56:50 --> Trying to access array offset on value of type null
in APPPATH\Views\unidades\editar.php on line 8.
 1 APPPATH\Views\unidades\editar.php(8): CodeIgniter\Debug\Exceptions->errorHandler(8, 'Trying to access array offset on value of type null', 'C:\\laragon\\www\\pos\\app\\Views\\unidades\\editar.php', 8, [...])
 2 SYSTEMPATH\View\View.php(224): include('C:\\laragon\\www\\pos\\app\\Views\\unidades\\editar.php')
 3 SYSTEMPATH\View\View.php(227): CodeIgniter\View\View->CodeIgniter\View\{closure}()
 4 SYSTEMPATH\Common.php(1176): CodeIgniter\View\View->render('unidades/editar', [], true)
 5 APPPATH\Controllers\Unidades.php(46): view('unidades/editar', [...])
 6 SYSTEMPATH\CodeIgniter.php(932): App\Controllers\Unidades->editar('img', 'undraw_profile_2.svg')
 7 SYSTEMPATH\CodeIgniter.php(497): CodeIgniter\CodeIgniter->runController(Object(App\Controllers\Unidades))
 8 SYSTEMPATH\CodeIgniter.php(366): CodeIgniter\CodeIgniter->handleRequest(null, Object(Config\Cache), false)
 9 FCPATH\index.php(67): CodeIgniter\CodeIgniter->run()
CRITICAL - 2023-08-18 16:56:50 --> Trying to access array offset on value of type null
in APPPATH\Views\unidades\editar.php on line 8.
 1 APPPATH\Views\unidades\editar.php(8): CodeIgniter\Debug\Exceptions->errorHandler(8, 'Trying to access array offset on value of type null', 'C:\\laragon\\www\\pos\\app\\Views\\unidades\\editar.php', 8, [...])
 2 SYSTEMPATH\View\View.php(224): include('C:\\laragon\\www\\pos\\app\\Views\\unidades\\editar.php')
 3 SYSTEMPATH\View\View.php(227): CodeIgniter\View\View->CodeIgniter\View\{closure}()
 4 SYSTEMPATH\Common.php(1176): CodeIgniter\View\View->render('unidades/editar', [], true)
 5 APPPATH\Controllers\Unidades.php(46): view('unidades/editar', [...])
 6 SYSTEMPATH\CodeIgniter.php(932): App\Controllers\Unidades->editar('img', 'undraw_profile.svg')
 7 SYSTEMPATH\CodeIgniter.php(497): CodeIgniter\CodeIgniter->runController(Object(App\Controllers\Unidades))
 8 SYSTEMPATH\CodeIgniter.php(366): CodeIgniter\CodeIgniter->handleRequest(null, Object(Config\Cache), false)
 9 FCPATH\index.php(67): CodeIgniter\CodeIgniter->run()
CRITICAL - 2023-08-18 16:56:58 --> Trying to access array offset on value of type null
in APPPATH\Views\unidades\editar.php on line 8.
 1 APPPATH\Views\unidades\editar.php(8): CodeIgniter\Debug\Exceptions->errorHandler(8, 'Trying to access array offset on value of type null', 'C:\\laragon\\www\\pos\\app\\Views\\unidades\\editar.php', 8, [...])
 2 SYSTEMPATH\View\View.php(224): include('C:\\laragon\\www\\pos\\app\\Views\\unidades\\editar.php')
 3 SYSTEMPATH\View\View.php(227): CodeIgniter\View\View->CodeIgniter\View\{closure}()
 4 SYSTEMPATH\Common.php(1176): CodeIgniter\View\View->render('unidades/editar', [], true)
 5 APPPATH\Controllers\Unidades.php(46): view('unidades/editar', [...])
 6 SYSTEMPATH\CodeIgniter.php(932): App\Controllers\Unidades->editar('img', 'undraw_profile.svg')
 7 SYSTEMPATH\CodeIgniter.php(497): CodeIgniter\CodeIgniter->runController(Object(App\Controllers\Unidades))
 8 SYSTEMPATH\CodeIgniter.php(366): CodeIgniter\CodeIgniter->handleRequest(null, Object(Config\Cache), false)
 9 FCPATH\index.php(67): CodeIgniter\CodeIgniter->run()
CRITICAL - 2023-08-18 16:56:58 --> Trying to access array offset on value of type null
in APPPATH\Views\unidades\editar.php on line 8.
 1 APPPATH\Views\unidades\editar.php(8): CodeIgniter\Debug\Exceptions->errorHandler(8, 'Trying to access array offset on value of type null', 'C:\\laragon\\www\\pos\\app\\Views\\unidades\\editar.php', 8, [...])
 2 SYSTEMPATH\View\View.php(224): include('C:\\laragon\\www\\pos\\app\\Views\\unidades\\editar.php')
 3 SYSTEMPATH\View\View.php(227): CodeIgniter\View\View->CodeIgniter\View\{closure}()
 4 SYSTEMPATH\Common.php(1176): CodeIgniter\View\View->render('unidades/editar', [], true)
 5 APPPATH\Controllers\Unidades.php(46): view('unidades/editar', [...])
 6 SYSTEMPATH\CodeIgniter.php(932): App\Controllers\Unidades->editar('img', 'undraw_profile_3.svg')
 7 SYSTEMPATH\CodeIgniter.php(497): CodeIgniter\CodeIgniter->runController(Object(App\Controllers\Unidades))
 8 SYSTEMPATH\CodeIgniter.php(366): CodeIgniter\CodeIgniter->handleRequest(null, Object(Config\Cache), false)
 9 FCPATH\index.php(67): CodeIgniter\CodeIgniter->run()
CRITICAL - 2023-08-18 16:56:58 --> Trying to access array offset on value of type null
in APPPATH\Views\unidades\editar.php on line 8.
 1 APPPATH\Views\unidades\editar.php(8): CodeIgniter\Debug\Exceptions->errorHandler(8, 'Trying to access array offset on value of type null', 'C:\\laragon\\www\\pos\\app\\Views\\unidades\\editar.php', 8, [...])
 2 SYSTEMPATH\View\View.php(224): include('C:\\laragon\\www\\pos\\app\\Views\\unidades\\editar.php')
 3 SYSTEMPATH\View\View.php(227): CodeIgniter\View\View->CodeIgniter\View\{closure}()
 4 SYSTEMPATH\Common.php(1176): CodeIgniter\View\View->render('unidades/editar', [], true)
 5 APPPATH\Controllers\Unidades.php(46): view('unidades/editar', [...])
 6 SYSTEMPATH\CodeIgniter.php(932): App\Controllers\Unidades->editar('img', 'undraw_profile_2.svg')
 7 SYSTEMPATH\CodeIgniter.php(497): CodeIgniter\CodeIgniter->runController(Object(App\Controllers\Unidades))
 8 SYSTEMPATH\CodeIgniter.php(366): CodeIgniter\CodeIgniter->handleRequest(null, Object(Config\Cache), false)
 9 FCPATH\index.php(67): CodeIgniter\CodeIgniter->run()
CRITICAL - 2023-08-18 16:56:58 --> Trying to access array offset on value of type null
in APPPATH\Views\unidades\editar.php on line 8.
 1 APPPATH\Views\unidades\editar.php(8): CodeIgniter\Debug\Exceptions->errorHandler(8, 'Trying to access array offset on value of type null', 'C:\\laragon\\www\\pos\\app\\Views\\unidades\\editar.php', 8, [...])
 2 SYSTEMPATH\View\View.php(224): include('C:\\laragon\\www\\pos\\app\\Views\\unidades\\editar.php')
 3 SYSTEMPATH\View\View.php(227): CodeIgniter\View\View->CodeIgniter\View\{closure}()
 4 SYSTEMPATH\Common.php(1176): CodeIgniter\View\View->render('unidades/editar', [], true)
 5 APPPATH\Controllers\Unidades.php(46): view('unidades/editar', [...])
 6 SYSTEMPATH\CodeIgniter.php(932): App\Controllers\Unidades->editar('img', 'undraw_profile_1.svg')
 7 SYSTEMPATH\CodeIgniter.php(497): CodeIgniter\CodeIgniter->runController(Object(App\Controllers\Unidades))
 8 SYSTEMPATH\CodeIgniter.php(366): CodeIgniter\CodeIgniter->handleRequest(null, Object(Config\Cache), false)
 9 FCPATH\index.php(67): CodeIgniter\CodeIgniter->run()
CRITICAL - 2023-08-18 17:01:43 --> Trying to access array offset on value of type null
in APPPATH\Views\unidades\editar.php on line 8.
 1 APPPATH\Views\unidades\editar.php(8): CodeIgniter\Debug\Exceptions->errorHandler(8, 'Trying to access array offset on value of type null', 'C:\\laragon\\www\\pos\\app\\Views\\unidades\\editar.php', 8, [...])
 2 SYSTEMPATH\View\View.php(224): include('C:\\laragon\\www\\pos\\app\\Views\\unidades\\editar.php')
 3 SYSTEMPATH\View\View.php(227): CodeIgniter\View\View->CodeIgniter\View\{closure}()
 4 SYSTEMPATH\Common.php(1176): CodeIgniter\View\View->render('unidades/editar', [], true)
 5 APPPATH\Controllers\Unidades.php(46): view('unidades/editar', [...])
 6 SYSTEMPATH\CodeIgniter.php(932): App\Controllers\Unidades->editar('img', 'undraw_profile_1.svg')
 7 SYSTEMPATH\CodeIgniter.php(497): CodeIgniter\CodeIgniter->runController(Object(App\Controllers\Unidades))
 8 SYSTEMPATH\CodeIgniter.php(366): CodeIgniter\CodeIgniter->handleRequest(null, Object(Config\Cache), false)
 9 FCPATH\index.php(67): CodeIgniter\CodeIgniter->run()
CRITICAL - 2023-08-18 17:01:43 --> Trying to access array offset on value of type null
in APPPATH\Views\unidades\editar.php on line 8.
 1 APPPATH\Views\unidades\editar.php(8): CodeIgniter\Debug\Exceptions->errorHandler(8, 'Trying to access array offset on value of type null', 'C:\\laragon\\www\\pos\\app\\Views\\unidades\\editar.php', 8, [...])
 2 SYSTEMPATH\View\View.php(224): include('C:\\laragon\\www\\pos\\app\\Views\\unidades\\editar.php')
 3 SYSTEMPATH\View\View.php(227): CodeIgniter\View\View->CodeIgniter\View\{closure}()
 4 SYSTEMPATH\Common.php(1176): CodeIgniter\View\View->render('unidades/editar', [], true)
 5 APPPATH\Controllers\Unidades.php(46): view('unidades/editar', [...])
 6 SYSTEMPATH\CodeIgniter.php(932): App\Controllers\Unidades->editar('img', 'undraw_profile_2.svg')
 7 SYSTEMPATH\CodeIgniter.php(497): CodeIgniter\CodeIgniter->runController(Object(App\Controllers\Unidades))
 8 SYSTEMPATH\CodeIgniter.php(366): CodeIgniter\CodeIgniter->handleRequest(null, Object(Config\Cache), false)
 9 FCPATH\index.php(67): CodeIgniter\CodeIgniter->run()
CRITICAL - 2023-08-18 17:01:43 --> Trying to access array offset on value of type null
in APPPATH\Views\unidades\editar.php on line 8.
 1 APPPATH\Views\unidades\editar.php(8): CodeIgniter\Debug\Exceptions->errorHandler(8, 'Trying to access array offset on value of type null', 'C:\\laragon\\www\\pos\\app\\Views\\unidades\\editar.php', 8, [...])
 2 SYSTEMPATH\View\View.php(224): include('C:\\laragon\\www\\pos\\app\\Views\\unidades\\editar.php')
 3 SYSTEMPATH\View\View.php(227): CodeIgniter\View\View->CodeIgniter\View\{closure}()
 4 SYSTEMPATH\Common.php(1176): CodeIgniter\View\View->render('unidades/editar', [], true)
 5 APPPATH\Controllers\Unidades.php(46): view('unidades/editar', [...])
 6 SYSTEMPATH\CodeIgniter.php(932): App\Controllers\Unidades->editar('img', 'undraw_profile.svg')
 7 SYSTEMPATH\CodeIgniter.php(497): CodeIgniter\CodeIgniter->runController(Object(App\Controllers\Unidades))
 8 SYSTEMPATH\CodeIgniter.php(366): CodeIgniter\CodeIgniter->handleRequest(null, Object(Config\Cache), false)
 9 FCPATH\index.php(67): CodeIgniter\CodeIgniter->run()
CRITICAL - 2023-08-18 17:01:43 --> Trying to access array offset on value of type null
in APPPATH\Views\unidades\editar.php on line 8.
 1 APPPATH\Views\unidades\editar.php(8): CodeIgniter\Debug\Exceptions->errorHandler(8, 'Trying to access array offset on value of type null', 'C:\\laragon\\www\\pos\\app\\Views\\unidades\\editar.php', 8, [...])
 2 SYSTEMPATH\View\View.php(224): include('C:\\laragon\\www\\pos\\app\\Views\\unidades\\editar.php')
 3 SYSTEMPATH\View\View.php(227): CodeIgniter\View\View->CodeIgniter\View\{closure}()
 4 SYSTEMPATH\Common.php(1176): CodeIgniter\View\View->render('unidades/editar', [], true)
 5 APPPATH\Controllers\Unidades.php(46): view('unidades/editar', [...])
 6 SYSTEMPATH\CodeIgniter.php(932): App\Controllers\Unidades->editar('img', 'undraw_profile_3.svg')
 7 SYSTEMPATH\CodeIgniter.php(497): CodeIgniter\CodeIgniter->runController(Object(App\Controllers\Unidades))
 8 SYSTEMPATH\CodeIgniter.php(366): CodeIgniter\CodeIgniter->handleRequest(null, Object(Config\Cache), false)
 9 FCPATH\index.php(67): CodeIgniter\CodeIgniter->run()
CRITICAL - 2023-08-18 17:05:27 --> Updates are not allowed unless they contain a "where" or "like" clause.
in SYSTEMPATH\Model.php on line 391.
 1 SYSTEMPATH\BaseModel.php(943): CodeIgniter\Model->doUpdate(null, [...])
 2 SYSTEMPATH\Model.php(756): CodeIgniter\BaseModel->update(null, [...])
 3 APPPATH\Controllers\Unidades.php(61): CodeIgniter\Model->update(null, [...])
 4 SYSTEMPATH\CodeIgniter.php(932): App\Controllers\Unidades->eliminar('3')
 5 SYSTEMPATH\CodeIgniter.php(497): CodeIgniter\CodeIgniter->runController(Object(App\Controllers\Unidades))
 6 SYSTEMPATH\CodeIgniter.php(366): CodeIgniter\CodeIgniter->handleRequest(null, Object(Config\Cache), false)
 7 FCPATH\index.php(67): CodeIgniter\CodeIgniter->run()
CRITICAL - 2023-08-18 17:06:55 --> Return value of App\Controllers\Home::index() must be of the type string, none returned
in APPPATH\Controllers\Home.php on line 12.
 1 SYSTEMPATH\CodeIgniter.php(932): App\Controllers\Home->index()
 2 SYSTEMPATH\CodeIgniter.php(497): CodeIgniter\CodeIgniter->runController(Object(App\Controllers\Home))
 3 SYSTEMPATH\CodeIgniter.php(366): CodeIgniter\CodeIgniter->handleRequest(null, Object(Config\Cache), false)
 4 FCPATH\index.php(67): CodeIgniter\CodeIgniter->run()
CRITICAL - 2023-08-18 17:33:17 --> Return value of App\Controllers\Home::index() must be of the type string, none returned
in APPPATH\Controllers\Home.php on line 12.
 1 SYSTEMPATH\CodeIgniter.php(932): App\Controllers\Home->index()
 2 SYSTEMPATH\CodeIgniter.php(497): CodeIgniter\CodeIgniter->runController(Object(App\Controllers\Home))
 3 SYSTEMPATH\CodeIgniter.php(366): CodeIgniter\CodeIgniter->handleRequest(null, Object(Config\Cache), false)
 4 FCPATH\index.php(67): CodeIgniter\CodeIgniter->run()
CRITICAL - 2023-08-18 17:35:48 --> Class 'App\Models\CategoriasModel' not found
in APPPATH\Controllers\Categorias.php on line 12.
 1 SYSTEMPATH\CodeIgniter.php(904): App\Controllers\Categorias->__construct()
 2 SYSTEMPATH\CodeIgniter.php(488): CodeIgniter\CodeIgniter->createController()
 3 SYSTEMPATH\CodeIgniter.php(366): CodeIgniter\CodeIgniter->handleRequest(null, Object(Config\Cache), false)
 4 FCPATH\index.php(67): CodeIgniter\CodeIgniter->run()
CRITICAL - 2023-08-18 17:36:57 --> syntax error, unexpected 'class' (T_CLASS), expecting ';' or ','
in APPPATH\Controllers\Categorias.php on line 7.
 1 SYSTEMPATH\Router\Router.php(510): CodeIgniter\Router\AutoRouter->getRoute('Categorias', 'get')
 2 SYSTEMPATH\Router\Router.php(208): CodeIgniter\Router\Router->autoRoute('Categorias')
 3 SYSTEMPATH\CodeIgniter.php(813): CodeIgniter\Router\Router->handle('Categorias')
 4 SYSTEMPATH\CodeIgniter.php(447): CodeIgniter\CodeIgniter->tryToRouteIt(Object(CodeIgniter\Router\RouteCollection))
 5 SYSTEMPATH\CodeIgniter.php(366): CodeIgniter\CodeIgniter->handleRequest(null, Object(Config\Cache), false)
 6 FCPATH\index.php(67): CodeIgniter\CodeIgniter->run()
CRITICAL - 2023-08-18 17:38:45 --> Trying to access array offset on value of type null
in APPPATH\Views\categorias\editar.php on line 8.
 1 APPPATH\Views\categorias\editar.php(8): CodeIgniter\Debug\Exceptions->errorHandler(8, 'Trying to access array offset on value of type null', 'C:\\laragon\\www\\pos\\app\\Views\\categorias\\editar.php', 8, [...])
 2 SYSTEMPATH\View\View.php(224): include('C:\\laragon\\www\\pos\\app\\Views\\categorias\\editar.php')
 3 SYSTEMPATH\View\View.php(227): CodeIgniter\View\View->CodeIgniter\View\{closure}()
 4 SYSTEMPATH\Common.php(1176): CodeIgniter\View\View->render('categorias/editar', [], true)
 5 APPPATH\Controllers\Categorias.php(46): view('categorias/editar', [...])
 6 SYSTEMPATH\CodeIgniter.php(932): App\Controllers\Categorias->editar('img', 'undraw_profile.svg')
 7 SYSTEMPATH\CodeIgniter.php(497): CodeIgniter\CodeIgniter->runController(Object(App\Controllers\Categorias))
 8 SYSTEMPATH\CodeIgniter.php(366): CodeIgniter\CodeIgniter->handleRequest(null, Object(Config\Cache), false)
 9 FCPATH\index.php(67): CodeIgniter\CodeIgniter->run()
CRITICAL - 2023-08-18 17:38:45 --> Trying to access array offset on value of type null
in APPPATH\Views\categorias\editar.php on line 8.
 1 APPPATH\Views\categorias\editar.php(8): CodeIgniter\Debug\Exceptions->errorHandler(8, 'Trying to access array offset on value of type null', 'C:\\laragon\\www\\pos\\app\\Views\\categorias\\editar.php', 8, [...])
 2 SYSTEMPATH\View\View.php(224): include('C:\\laragon\\www\\pos\\app\\Views\\categorias\\editar.php')
 3 SYSTEMPATH\View\View.php(227): CodeIgniter\View\View->CodeIgniter\View\{closure}()
 4 SYSTEMPATH\Common.php(1176): CodeIgniter\View\View->render('categorias/editar', [], true)
 5 APPPATH\Controllers\Categorias.php(46): view('categorias/editar', [...])
 6 SYSTEMPATH\CodeIgniter.php(932): App\Controllers\Categorias->editar('img', 'undraw_profile_1.svg')
 7 SYSTEMPATH\CodeIgniter.php(497): CodeIgniter\CodeIgniter->runController(Object(App\Controllers\Categorias))
 8 SYSTEMPATH\CodeIgniter.php(366): CodeIgniter\CodeIgniter->handleRequest(null, Object(Config\Cache), false)
 9 FCPATH\index.php(67): CodeIgniter\CodeIgniter->run()
CRITICAL - 2023-08-18 17:38:45 --> Trying to access array offset on value of type null
in APPPATH\Views\categorias\editar.php on line 8.
 1 APPPATH\Views\categorias\editar.php(8): CodeIgniter\Debug\Exceptions->errorHandler(8, 'Trying to access array offset on value of type null', 'C:\\laragon\\www\\pos\\app\\Views\\categorias\\editar.php', 8, [...])
 2 SYSTEMPATH\View\View.php(224): include('C:\\laragon\\www\\pos\\app\\Views\\categorias\\editar.php')
 3 SYSTEMPATH\View\View.php(227): CodeIgniter\View\View->CodeIgniter\View\{closure}()
 4 SYSTEMPATH\Common.php(1176): CodeIgniter\View\View->render('categorias/editar', [], true)
 5 APPPATH\Controllers\Categorias.php(46): view('categorias/editar', [...])
 6 SYSTEMPATH\CodeIgniter.php(932): App\Controllers\Categorias->editar('img', 'undraw_profile_2.svg')
 7 SYSTEMPATH\CodeIgniter.php(497): CodeIgniter\CodeIgniter->runController(Object(App\Controllers\Categorias))
 8 SYSTEMPATH\CodeIgniter.php(366): CodeIgniter\CodeIgniter->handleRequest(null, Object(Config\Cache), false)
 9 FCPATH\index.php(67): CodeIgniter\CodeIgniter->run()
CRITICAL - 2023-08-18 17:38:45 --> Trying to access array offset on value of type null
in APPPATH\Views\categorias\editar.php on line 8.
 1 APPPATH\Views\categorias\editar.php(8): CodeIgniter\Debug\Exceptions->errorHandler(8, 'Trying to access array offset on value of type null', 'C:\\laragon\\www\\pos\\app\\Views\\categorias\\editar.php', 8, [...])
 2 SYSTEMPATH\View\View.php(224): include('C:\\laragon\\www\\pos\\app\\Views\\categorias\\editar.php')
 3 SYSTEMPATH\View\View.php(227): CodeIgniter\View\View->CodeIgniter\View\{closure}()
 4 SYSTEMPATH\Common.php(1176): CodeIgniter\View\View->render('categorias/editar', [], true)
 5 APPPATH\Controllers\Categorias.php(46): view('categorias/editar', [...])
 6 SYSTEMPATH\CodeIgniter.php(932): App\Controllers\Categorias->editar('img', 'undraw_profile_3.svg')
 7 SYSTEMPATH\CodeIgniter.php(497): CodeIgniter\CodeIgniter->runController(Object(App\Controllers\Categorias))
 8 SYSTEMPATH\CodeIgniter.php(366): CodeIgniter\CodeIgniter->handleRequest(null, Object(Config\Cache), false)
 9 FCPATH\index.php(67): CodeIgniter\CodeIgniter->run()
CRITICAL - 2023-08-18 17:40:08 --> Return value of App\Controllers\Home::index() must be of the type string, none returned
in APPPATH\Controllers\Home.php on line 12.
 1 SYSTEMPATH\CodeIgniter.php(932): App\Controllers\Home->index()
 2 SYSTEMPATH\CodeIgniter.php(497): CodeIgniter\CodeIgniter->runController(Object(App\Controllers\Home))
 3 SYSTEMPATH\CodeIgniter.php(366): CodeIgniter\CodeIgniter->handleRequest(null, Object(Config\Cache), false)
 4 FCPATH\index.php(67): CodeIgniter\CodeIgniter->run()
CRITICAL - 2023-08-18 18:22:07 --> Class 'App\Controllers\UnidadesModel' not found
in APPPATH\Controllers\Productos.php on line 12.
 1 SYSTEMPATH\CodeIgniter.php(904): App\Controllers\Productos->__construct()
 2 SYSTEMPATH\CodeIgniter.php(488): CodeIgniter\CodeIgniter->createController()
 3 SYSTEMPATH\CodeIgniter.php(366): CodeIgniter\CodeIgniter->handleRequest(null, Object(Config\Cache), false)
 4 FCPATH\index.php(67): CodeIgniter\CodeIgniter->run()
CRITICAL - 2023-08-18 18:22:07 --> Class 'App\Controllers\UnidadesModel' not found
in APPPATH\Controllers\Productos.php on line 12.
 1 SYSTEMPATH\CodeIgniter.php(904): App\Controllers\Productos->__construct()
 2 SYSTEMPATH\CodeIgniter.php(488): CodeIgniter\CodeIgniter->createController()
 3 SYSTEMPATH\CodeIgniter.php(366): CodeIgniter\CodeIgniter->handleRequest(null, Object(Config\Cache), false)
 4 FCPATH\index.php(67): CodeIgniter\CodeIgniter->run()
CRITICAL - 2023-08-18 18:35:11 --> There is no data to insert.
in SYSTEMPATH\BaseModel.php on line 762.
 1 SYSTEMPATH\BaseModel.php(762): CodeIgniter\Database\Exceptions\DataException::forEmptyDataset('insert')
 2 SYSTEMPATH\Model.php(730): CodeIgniter\BaseModel->insert([], false)
 3 SYSTEMPATH\BaseModel.php(692): CodeIgniter\Model->insert([...], false)
 4 APPPATH\Controllers\Productos.php(46): CodeIgniter\BaseModel->save([...])
 5 SYSTEMPATH\CodeIgniter.php(932): App\Controllers\Productos->insertar()
 6 SYSTEMPATH\CodeIgniter.php(497): CodeIgniter\CodeIgniter->runController(Object(App\Controllers\Productos))
 7 SYSTEMPATH\CodeIgniter.php(366): CodeIgniter\CodeIgniter->handleRequest(null, Object(Config\Cache), false)
 8 FCPATH\index.php(67): CodeIgniter\CodeIgniter->run()
CRITICAL - 2023-08-18 18:36:25 --> Undefined index: unidad
in APPPATH\Views\productos\productos.php on line 49.
 1 APPPATH\Views\productos\productos.php(49): CodeIgniter\Debug\Exceptions->errorHandler(8, 'Undefined index: unidad', 'C:\\laragon\\www\\pos\\app\\Views\\productos\\productos.php', 49, [...])
 2 SYSTEMPATH\View\View.php(224): include('C:\\laragon\\www\\pos\\app\\Views\\productos\\productos.php')
 3 SYSTEMPATH\View\View.php(227): CodeIgniter\View\View->CodeIgniter\View\{closure}()
 4 SYSTEMPATH\Common.php(1176): CodeIgniter\View\View->render('productos/productos', [], true)
 5 APPPATH\Controllers\Productos.php(21): view('productos/productos', [...])
 6 SYSTEMPATH\CodeIgniter.php(932): App\Controllers\Productos->index()
 7 SYSTEMPATH\CodeIgniter.php(497): CodeIgniter\CodeIgniter->runController(Object(App\Controllers\Productos))
 8 SYSTEMPATH\CodeIgniter.php(366): CodeIgniter\CodeIgniter->handleRequest(null, Object(Config\Cache), false)
 9 FCPATH\index.php(67): CodeIgniter\CodeIgniter->run()
CRITICAL - 2023-08-18 18:36:34 --> Undefined index: unidad
in APPPATH\Views\productos\productos.php on line 49.
 1 APPPATH\Views\productos\productos.php(49): CodeIgniter\Debug\Exceptions->errorHandler(8, 'Undefined index: unidad', 'C:\\laragon\\www\\pos\\app\\Views\\productos\\productos.php', 49, [...])
 2 SYSTEMPATH\View\View.php(224): include('C:\\laragon\\www\\pos\\app\\Views\\productos\\productos.php')
 3 SYSTEMPATH\View\View.php(227): CodeIgniter\View\View->CodeIgniter\View\{closure}()
 4 SYSTEMPATH\Common.php(1176): CodeIgniter\View\View->render('productos/productos', [], true)
 5 APPPATH\Controllers\Productos.php(21): view('productos/productos', [...])
 6 SYSTEMPATH\CodeIgniter.php(932): App\Controllers\Productos->index()
 7 SYSTEMPATH\CodeIgniter.php(497): CodeIgniter\CodeIgniter->runController(Object(App\Controllers\Productos))
 8 SYSTEMPATH\CodeIgniter.php(366): CodeIgniter\CodeIgniter->handleRequest(null, Object(Config\Cache), false)
 9 FCPATH\index.php(67): CodeIgniter\CodeIgniter->run()
ERROR - 2023-08-18 18:57:11 --> mysqli_sql_exception: Column 'activo' in where clause is ambiguous in C:\laragon\www\pos\system\Database\MySQLi\Connection.php:295
Stack trace:
#0 C:\laragon\www\pos\system\Database\MySQLi\Connection.php(295): mysqli->query('SELECT *\nFROM `...', 0)
#1 C:\laragon\www\pos\system\Database\BaseConnection.php(692): CodeIgniter\Database\MySQLi\Connection->execute('SELECT *\nFROM `...')
#2 C:\laragon\www\pos\system\Database\BaseConnection.php(606): CodeIgniter\Database\BaseConnection->simpleQuery('SELECT *\nFROM `...')
#3 C:\laragon\www\pos\system\Database\BaseBuilder.php(1616): CodeIgniter\Database\BaseConnection->query('SELECT *\nFROM `...', Array, false)
#4 C:\laragon\www\pos\system\Model.php(241): CodeIgniter\Database\BaseBuilder->get()
#5 C:\laragon\www\pos\system\BaseModel.php(618): CodeIgniter\Model->doFindAll(0, 0)
#6 C:\laragon\www\pos\app\Controllers\Productos.php(22): CodeIgniter\BaseModel->findAll()
#7 C:\laragon\www\pos\system\CodeIgniter.php(932): App\Controllers\Productos->index()
#8 C:\laragon\www\pos\system\CodeIgniter.php(497): CodeIgniter\CodeIgniter->runController(Object(App\Controllers\Productos))
#9 C:\laragon\www\pos\system\CodeIgniter.php(366): CodeIgniter\CodeIgniter->handleRequest(NULL, Object(Config\Cache), false)
#10 C:\laragon\www\pos\public\index.php(67): CodeIgniter\CodeIgniter->run()
#11 {main}
CRITICAL - 2023-08-18 18:57:11 --> Column 'activo' in where clause is ambiguous
in SYSTEMPATH\Database\MySQLi\Connection.php on line 295.
 1 SYSTEMPATH\Database\MySQLi\Connection.php(295): mysqli->query('SELECT *
FROM `productos`
JOIN `unidades` ON `productos`.`id_unidad`=`unidades`.`id`
WHERE `activo` = 1', 0)
 2 SYSTEMPATH\Database\BaseConnection.php(692): CodeIgniter\Database\MySQLi\Connection->execute('SELECT *
FROM `productos`
JOIN `unidades` ON `productos`.`id_unidad`=`unidades`.`id`
WHERE `activo` = 1')
 3 SYSTEMPATH\Database\BaseConnection.php(606): CodeIgniter\Database\BaseConnection->simpleQuery('SELECT *
FROM `productos`
JOIN `unidades` ON `productos`.`id_unidad`=`unidades`.`id`
WHERE `activo` = 1')
 4 SYSTEMPATH\Database\BaseBuilder.php(1616): CodeIgniter\Database\BaseConnection->query('SELECT *
FROM `productos`
JOIN `unidades` ON `productos`.`id_unidad`=`unidades`.`id`
WHERE `activo` = :activo:', [...], false)
 5 SYSTEMPATH\Model.php(241): CodeIgniter\Database\BaseBuilder->get()
 6 SYSTEMPATH\BaseModel.php(618): CodeIgniter\Model->doFindAll(0, 0)
 7 APPPATH\Controllers\Productos.php(22): CodeIgniter\BaseModel->findAll()
 8 SYSTEMPATH\CodeIgniter.php(932): App\Controllers\Productos->index()
 9 SYSTEMPATH\CodeIgniter.php(497): CodeIgniter\CodeIgniter->runController(Object(App\Controllers\Productos))
10 SYSTEMPATH\CodeIgniter.php(366): CodeIgniter\CodeIgniter->handleRequest(null, Object(Config\Cache), false)
11 FCPATH\index.php(67): CodeIgniter\CodeIgniter->run()
ERROR - 2023-08-18 18:59:08 --> mysqli_sql_exception: Column 'activo' in where clause is ambiguous in C:\laragon\www\pos\system\Database\MySQLi\Connection.php:295
Stack trace:
#0 C:\laragon\www\pos\system\Database\MySQLi\Connection.php(295): mysqli->query('SELECT `product...', 0)
#1 C:\laragon\www\pos\system\Database\BaseConnection.php(692): CodeIgniter\Database\MySQLi\Connection->execute('SELECT `product...')
#2 C:\laragon\www\pos\system\Database\BaseConnection.php(606): CodeIgniter\Database\BaseConnection->simpleQuery('SELECT `product...')
#3 C:\laragon\www\pos\system\Database\BaseBuilder.php(1616): CodeIgniter\Database\BaseConnection->query('SELECT `product...', Array, false)
#4 C:\laragon\www\pos\system\Model.php(241): CodeIgniter\Database\BaseBuilder->get()
#5 C:\laragon\www\pos\system\BaseModel.php(618): CodeIgniter\Model->doFindAll(0, 0)
#6 C:\laragon\www\pos\app\Controllers\Productos.php(22): CodeIgniter\BaseModel->findAll()
#7 C:\laragon\www\pos\system\CodeIgniter.php(932): App\Controllers\Productos->index()
#8 C:\laragon\www\pos\system\CodeIgniter.php(497): CodeIgniter\CodeIgniter->runController(Object(App\Controllers\Productos))
#9 C:\laragon\www\pos\system\CodeIgniter.php(366): CodeIgniter\CodeIgniter->handleRequest(NULL, Object(Config\Cache), false)
#10 C:\laragon\www\pos\public\index.php(67): CodeIgniter\CodeIgniter->run()
#11 {main}
CRITICAL - 2023-08-18 18:59:08 --> Column 'activo' in where clause is ambiguous
in SYSTEMPATH\Database\MySQLi\Connection.php on line 295.
 1 SYSTEMPATH\Database\MySQLi\Connection.php(295): mysqli->query('SELECT `productos`.*, `unidades`.`nombre`
FROM `productos`
JOIN `unidades` ON `productos`.`id_unidad` = `unidades`.`id`
WHERE `activo` = 1', 0)
 2 SYSTEMPATH\Database\BaseConnection.php(692): CodeIgniter\Database\MySQLi\Connection->execute('SELECT `productos`.*, `unidades`.`nombre`
FROM `productos`
JOIN `unidades` ON `productos`.`id_unidad` = `unidades`.`id`
WHERE `activo` = 1')
 3 SYSTEMPATH\Database\BaseConnection.php(606): CodeIgniter\Database\BaseConnection->simpleQuery('SELECT `productos`.*, `unidades`.`nombre`
FROM `productos`
JOIN `unidades` ON `productos`.`id_unidad` = `unidades`.`id`
WHERE `activo` = 1')
 4 SYSTEMPATH\Database\BaseBuilder.php(1616): CodeIgniter\Database\BaseConnection->query('SELECT `productos`.*, `unidades`.`nombre`
FROM `productos`
JOIN `unidades` ON `productos`.`id_unidad` = `unidades`.`id`
WHERE `activo` = :activo:', [...], false)
 5 SYSTEMPATH\Model.php(241): CodeIgniter\Database\BaseBuilder->get()
 6 SYSTEMPATH\BaseModel.php(618): CodeIgniter\Model->doFindAll(0, 0)
 7 APPPATH\Controllers\Productos.php(22): CodeIgniter\BaseModel->findAll()
 8 SYSTEMPATH\CodeIgniter.php(932): App\Controllers\Productos->index()
 9 SYSTEMPATH\CodeIgniter.php(497): CodeIgniter\CodeIgniter->runController(Object(App\Controllers\Productos))
10 SYSTEMPATH\CodeIgniter.php(366): CodeIgniter\CodeIgniter->handleRequest(null, Object(Config\Cache), false)
11 FCPATH\index.php(67): CodeIgniter\CodeIgniter->run()
ERROR - 2023-08-18 18:59:48 --> mysqli_sql_exception: Column 'activo' in where clause is ambiguous in C:\laragon\www\pos\system\Database\MySQLi\Connection.php:295
Stack trace:
#0 C:\laragon\www\pos\system\Database\MySQLi\Connection.php(295): mysqli->query('SELECT `product...', 0)
#1 C:\laragon\www\pos\system\Database\BaseConnection.php(692): CodeIgniter\Database\MySQLi\Connection->execute('SELECT `product...')
#2 C:\laragon\www\pos\system\Database\BaseConnection.php(606): CodeIgniter\Database\BaseConnection->simpleQuery('SELECT `product...')
#3 C:\laragon\www\pos\system\Database\BaseBuilder.php(1616): CodeIgniter\Database\BaseConnection->query('SELECT `product...', Array, false)
#4 C:\laragon\www\pos\system\Model.php(836): CodeIgniter\Database\BaseBuilder->get()
#5 C:\laragon\www\pos\app\Controllers\Productos.php(22): CodeIgniter\Model->__call('get', Array)
#6 C:\laragon\www\pos\system\CodeIgniter.php(932): App\Controllers\Productos->index()
#7 C:\laragon\www\pos\system\CodeIgniter.php(497): CodeIgniter\CodeIgniter->runController(Object(App\Controllers\Productos))
#8 C:\laragon\www\pos\system\CodeIgniter.php(366): CodeIgniter\CodeIgniter->handleRequest(NULL, Object(Config\Cache), false)
#9 C:\laragon\www\pos\public\index.php(67): CodeIgniter\CodeIgniter->run()
#10 {main}
CRITICAL - 2023-08-18 18:59:48 --> Column 'activo' in where clause is ambiguous
in SYSTEMPATH\Database\MySQLi\Connection.php on line 295.
 1 SYSTEMPATH\Database\MySQLi\Connection.php(295): mysqli->query('SELECT `productos`.*, `unidades`.`nombre`
FROM `productos`
JOIN `unidades` ON `productos`.`id_unidad` = `unidades`.`id`
WHERE `activo` = 1', 0)
 2 SYSTEMPATH\Database\BaseConnection.php(692): CodeIgniter\Database\MySQLi\Connection->execute('SELECT `productos`.*, `unidades`.`nombre`
FROM `productos`
JOIN `unidades` ON `productos`.`id_unidad` = `unidades`.`id`
WHERE `activo` = 1')
 3 SYSTEMPATH\Database\BaseConnection.php(606): CodeIgniter\Database\BaseConnection->simpleQuery('SELECT `productos`.*, `unidades`.`nombre`
FROM `productos`
JOIN `unidades` ON `productos`.`id_unidad` = `unidades`.`id`
WHERE `activo` = 1')
 4 SYSTEMPATH\Database\BaseBuilder.php(1616): CodeIgniter\Database\BaseConnection->query('SELECT `productos`.*, `unidades`.`nombre`
FROM `productos`
JOIN `unidades` ON `productos`.`id_unidad` = `unidades`.`id`
WHERE `activo` = :activo:', [...], false)
 5 SYSTEMPATH\Model.php(836): CodeIgniter\Database\BaseBuilder->get()
 6 APPPATH\Controllers\Productos.php(22): CodeIgniter\Model->__call('get', [])
 7 SYSTEMPATH\CodeIgniter.php(932): App\Controllers\Productos->index()
 8 SYSTEMPATH\CodeIgniter.php(497): CodeIgniter\CodeIgniter->runController(Object(App\Controllers\Productos))
 9 SYSTEMPATH\CodeIgniter.php(366): CodeIgniter\CodeIgniter->handleRequest(null, Object(Config\Cache), false)
10 FCPATH\index.php(67): CodeIgniter\CodeIgniter->run()
ERROR - 2023-08-18 19:00:17 --> mysqli_sql_exception: Column 'activo' in where clause is ambiguous in C:\laragon\www\pos\system\Database\MySQLi\Connection.php:295
Stack trace:
#0 C:\laragon\www\pos\system\Database\MySQLi\Connection.php(295): mysqli->query('SELECT `product...', 0)
#1 C:\laragon\www\pos\system\Database\BaseConnection.php(692): CodeIgniter\Database\MySQLi\Connection->execute('SELECT `product...')
#2 C:\laragon\www\pos\system\Database\BaseConnection.php(606): CodeIgniter\Database\BaseConnection->simpleQuery('SELECT `product...')
#3 C:\laragon\www\pos\system\Database\BaseBuilder.php(1616): CodeIgniter\Database\BaseConnection->query('SELECT `product...', Array, false)
#4 C:\laragon\www\pos\system\Model.php(241): CodeIgniter\Database\BaseBuilder->get()
#5 C:\laragon\www\pos\system\BaseModel.php(618): CodeIgniter\Model->doFindAll(0, 0)
#6 C:\laragon\www\pos\app\Controllers\Productos.php(21): CodeIgniter\BaseModel->findAll()
#7 C:\laragon\www\pos\system\CodeIgniter.php(932): App\Controllers\Productos->index()
#8 C:\laragon\www\pos\system\CodeIgniter.php(497): CodeIgniter\CodeIgniter->runController(Object(App\Controllers\Productos))
#9 C:\laragon\www\pos\system\CodeIgniter.php(366): CodeIgniter\CodeIgniter->handleRequest(NULL, Object(Config\Cache), false)
#10 C:\laragon\www\pos\public\index.php(67): CodeIgniter\CodeIgniter->run()
#11 {main}
CRITICAL - 2023-08-18 19:00:17 --> Column 'activo' in where clause is ambiguous
in SYSTEMPATH\Database\MySQLi\Connection.php on line 295.
 1 SYSTEMPATH\Database\MySQLi\Connection.php(295): mysqli->query('SELECT `productos`.*, `unidades`.`nombre`
FROM `productos`
JOIN `unidades` ON `productos`.`id_unidad` = `unidades`.`id`
WHERE `activo` = 1', 0)
 2 SYSTEMPATH\Database\BaseConnection.php(692): CodeIgniter\Database\MySQLi\Connection->execute('SELECT `productos`.*, `unidades`.`nombre`
FROM `productos`
JOIN `unidades` ON `productos`.`id_unidad` = `unidades`.`id`
WHERE `activo` = 1')
 3 SYSTEMPATH\Database\BaseConnection.php(606): CodeIgniter\Database\BaseConnection->simpleQuery('SELECT `productos`.*, `unidades`.`nombre`
FROM `productos`
JOIN `unidades` ON `productos`.`id_unidad` = `unidades`.`id`
WHERE `activo` = 1')
 4 SYSTEMPATH\Database\BaseBuilder.php(1616): CodeIgniter\Database\BaseConnection->query('SELECT `productos`.*, `unidades`.`nombre`
FROM `productos`
JOIN `unidades` ON `productos`.`id_unidad` = `unidades`.`id`
WHERE `activo` = :activo:', [...], false)
 5 SYSTEMPATH\Model.php(241): CodeIgniter\Database\BaseBuilder->get()
 6 SYSTEMPATH\BaseModel.php(618): CodeIgniter\Model->doFindAll(0, 0)
 7 APPPATH\Controllers\Productos.php(21): CodeIgniter\BaseModel->findAll()
 8 SYSTEMPATH\CodeIgniter.php(932): App\Controllers\Productos->index()
 9 SYSTEMPATH\CodeIgniter.php(497): CodeIgniter\CodeIgniter->runController(Object(App\Controllers\Productos))
10 SYSTEMPATH\CodeIgniter.php(366): CodeIgniter\CodeIgniter->handleRequest(null, Object(Config\Cache), false)
11 FCPATH\index.php(67): CodeIgniter\CodeIgniter->run()
ERROR - 2023-08-18 19:01:25 --> mysqli_sql_exception: Column 'activo' in where clause is ambiguous in C:\laragon\www\pos\system\Database\MySQLi\Connection.php:295
Stack trace:
#0 C:\laragon\www\pos\system\Database\MySQLi\Connection.php(295): mysqli->query('SELECT `product...', 0)
#1 C:\laragon\www\pos\system\Database\BaseConnection.php(692): CodeIgniter\Database\MySQLi\Connection->execute('SELECT `product...')
#2 C:\laragon\www\pos\system\Database\BaseConnection.php(606): CodeIgniter\Database\BaseConnection->simpleQuery('SELECT `product...')
#3 C:\laragon\www\pos\system\Database\BaseBuilder.php(1616): CodeIgniter\Database\BaseConnection->query('SELECT `product...', Array, false)
#4 C:\laragon\www\pos\system\Model.php(241): CodeIgniter\Database\BaseBuilder->get()
#5 C:\laragon\www\pos\system\BaseModel.php(618): CodeIgniter\Model->doFindAll(0, 0)
#6 C:\laragon\www\pos\app\Controllers\Productos.php(21): CodeIgniter\BaseModel->findAll()
#7 C:\laragon\www\pos\system\CodeIgniter.php(932): App\Controllers\Productos->index()
#8 C:\laragon\www\pos\system\CodeIgniter.php(497): CodeIgniter\CodeIgniter->runController(Object(App\Controllers\Productos))
#9 C:\laragon\www\pos\system\CodeIgniter.php(366): CodeIgniter\CodeIgniter->handleRequest(NULL, Object(Config\Cache), false)
#10 C:\laragon\www\pos\public\index.php(67): CodeIgniter\CodeIgniter->run()
#11 {main}
CRITICAL - 2023-08-18 19:01:25 --> Column 'activo' in where clause is ambiguous
in SYSTEMPATH\Database\MySQLi\Connection.php on line 295.
 1 SYSTEMPATH\Database\MySQLi\Connection.php(295): mysqli->query('SELECT `productos`.*, `unidades`.`nombre`
FROM `productos`
JOIN `unidades` ON `productos`.`id_unidad` = `unidades`.`id`
WHERE `activo` = 1', 0)
 2 SYSTEMPATH\Database\BaseConnection.php(692): CodeIgniter\Database\MySQLi\Connection->execute('SELECT `productos`.*, `unidades`.`nombre`
FROM `productos`
JOIN `unidades` ON `productos`.`id_unidad` = `unidades`.`id`
WHERE `activo` = 1')
 3 SYSTEMPATH\Database\BaseConnection.php(606): CodeIgniter\Database\BaseConnection->simpleQuery('SELECT `productos`.*, `unidades`.`nombre`
FROM `productos`
JOIN `unidades` ON `productos`.`id_unidad` = `unidades`.`id`
WHERE `activo` = 1')
 4 SYSTEMPATH\Database\BaseBuilder.php(1616): CodeIgniter\Database\BaseConnection->query('SELECT `productos`.*, `unidades`.`nombre`
FROM `productos`
JOIN `unidades` ON `productos`.`id_unidad` = `unidades`.`id`
WHERE `activo` = :activo:', [...], false)
 5 SYSTEMPATH\Model.php(241): CodeIgniter\Database\BaseBuilder->get()
 6 SYSTEMPATH\BaseModel.php(618): CodeIgniter\Model->doFindAll(0, 0)
 7 APPPATH\Controllers\Productos.php(21): CodeIgniter\BaseModel->findAll()
 8 SYSTEMPATH\CodeIgniter.php(932): App\Controllers\Productos->index()
 9 SYSTEMPATH\CodeIgniter.php(497): CodeIgniter\CodeIgniter->runController(Object(App\Controllers\Productos))
10 SYSTEMPATH\CodeIgniter.php(366): CodeIgniter\CodeIgniter->handleRequest(null, Object(Config\Cache), false)
11 FCPATH\index.php(67): CodeIgniter\CodeIgniter->run()
